{
  "numFailedTestSuites": 0,
  "numFailedTests": 0,
  "numPassedTestSuites": 27,
  "numPassedTests": 232,
  "numPendingTestSuites": 0,
  "numPendingTests": 0,
  "numRuntimeErrorTestSuites": 0,
  "numTodoTests": 0,
  "numTotalTestSuites": 27,
  "numTotalTests": 232,
  "openHandles": [],
  "snapshot": {
    "added": 0,
    "didUpdate": false,
    "failure": false,
    "filesAdded": 0,
    "filesRemoved": 0,
    "filesRemovedList": [],
    "filesUnmatched": 0,
    "filesUpdated": 0,
    "matched": 0,
    "total": 0,
    "unchecked": 0,
    "uncheckedKeysByFile": [],
    "unmatched": 0,
    "updated": 0
  },
  "startTime": 1773281776106,
  "success": false,
  "testResults": [
    {
      "leaks": false,
      "numFailingTests": 0,
      "numPassingTests": 6,
      "numPendingTests": 0,
      "numTodoTests": 0,
      "openHandles": [],
      "perfStats": {
        "end": 1773281777589,
        "runtime": 1458,
        "slow": false,
        "start": 1773281776131
      },
      "skipped": false,
      "snapshot": {
        "added": 0,
        "fileDeleted": false,
        "matched": 0,
        "unchecked": 0,
        "uncheckedKeys": [],
        "unmatched": 0,
        "updated": 0
      },
      "testFilePath": "/Users/ramad/Works/Gti/person-services/person-service/Test/API_Tests/specification_tests/person_attributes_business_spec.test.js",
      "testResults": [
        {
          "ancestorTitles": [
            "SPECIFICATION: Person Attributes - Business Logic"
          ],
          "duration": 62,
          "failureDetails": [],
          "failureMessages": [],
          "fullName": "SPECIFICATION: Person Attributes - Business Logic SPEC: Should create audit trail for all operations",
          "invocations": 1,
          "location": null,
          "numPassingAsserts": 2,
          "retryReasons": [],
          "status": "passed",
          "title": "SPEC: Should create audit trail for all operations"
        },
        {
          "ancestorTitles": [
            "SPECIFICATION: Person Attributes - Business Logic"
          ],
          "duration": 60,
          "failureDetails": [],
          "failureMessages": [],
          "fullName": "SPECIFICATION: Person Attributes - Business Logic SPEC: Should handle concurrent updates gracefully",
          "invocations": 1,
          "location": null,
          "numPassingAsserts": 2,
          "retryReasons": [],
          "status": "passed",
          "title": "SPEC: Should handle concurrent updates gracefully"
        },
        {
          "ancestorTitles": [
            "SPECIFICATION: Person Attributes - Business Logic"
          ],
          "duration": 24,
          "failureDetails": [],
          "failureMessages": [],
          "fullName": "SPECIFICATION: Person Attributes - Business Logic SPEC: Should cascade delete attributes when person is deleted",
          "invocations": 1,
          "location": null,
          "numPassingAsserts": 1,
          "retryReasons": [],
          "status": "passed",
          "title": "SPEC: Should cascade delete attributes when person is deleted"
        },
        {
          "ancestorTitles": [
            "SPECIFICATION: Person Attributes - Business Logic"
          ],
          "duration": 1032,
          "failureDetails": [],
          "failureMessages": [],
          "fullName": "SPECIFICATION: Person Attributes - Business Logic SPEC: Should maintain consistent timestamps",
          "invocations": 1,
          "location": null,
          "numPassingAsserts": 4,
          "retryReasons": [],
          "status": "passed",
          "title": "SPEC: Should maintain consistent timestamps"
        },
        {
          "ancestorTitles": [
            "SPECIFICATION: Person Attributes - Business Logic"
          ],
          "duration": 9,
          "failureDetails": [],
          "failureMessages": [],
          "fullName": "SPECIFICATION: Person Attributes - Business Logic SPEC: Should maintain data integrity on failures",
          "invocations": 1,
          "location": null,
          "numPassingAsserts": 2,
          "retryReasons": [],
          "status": "passed",
          "title": "SPEC: Should maintain data integrity on failures"
        },
        {
          "ancestorTitles": [
            "SPECIFICATION: Person Attributes - Business Logic"
          ],
          "duration": 17,
          "failureDetails": [],
          "failureMessages": [],
          "fullName": "SPECIFICATION: Person Attributes - Business Logic SPEC: Should enforce attribute key uniqueness per person",
          "invocations": 1,
          "location": null,
          "numPassingAsserts": 1,
          "retryReasons": [],
          "status": "passed",
          "title": "SPEC: Should enforce attribute key uniqueness per person"
        }
      ],
      "failureMessage": null
    },
    {
      "leaks": false,
      "numFailingTests": 0,
      "numPassingTests": 8,
      "numPendingTests": 0,
      "numTodoTests": 0,
      "openHandles": [],
      "perfStats": {
        "end": 1773281778419,
        "runtime": 826,
        "slow": false,
        "start": 1773281777593
      },
      "skipped": false,
      "snapshot": {
        "added": 0,
        "fileDeleted": false,
        "matched": 0,
        "unchecked": 0,
        "uncheckedKeys": [],
        "unmatched": 0,
        "updated": 0
      },
      "testFilePath": "/Users/ramad/Works/Gti/person-services/person-service/Test/API_Tests/specification_tests/person_attributes_security_spec.test.js",
      "testResults": [
        {
          "ancestorTitles": [
            "SPECIFICATION: Person Attributes - Security & Edge Cases"
          ],
          "duration": 51,
          "failureDetails": [],
          "failureMessages": [],
          "fullName": "SPECIFICATION: Person Attributes - Security & Edge Cases SPEC: Should prevent SQL injection in attribute key",
          "invocations": 1,
          "location": null,
          "numPassingAsserts": 6,
          "retryReasons": [],
          "status": "passed",
          "title": "SPEC: Should prevent SQL injection in attribute key"
        },
        {
          "ancestorTitles": [
            "SPECIFICATION: Person Attributes - Security & Edge Cases"
          ],
          "duration": 71,
          "failureDetails": [],
          "failureMessages": [],
          "fullName": "SPECIFICATION: Person Attributes - Security & Edge Cases SPEC: Should sanitize XSS payloads in values",
          "invocations": 1,
          "location": null,
          "numPassingAsserts": 0,
          "retryReasons": [],
          "status": "passed",
          "title": "SPEC: Should sanitize XSS payloads in values"
        },
        {
          "ancestorTitles": [
            "SPECIFICATION: Person Attributes - Security & Edge Cases"
          ],
          "duration": 13,
          "failureDetails": [],
          "failureMessages": [],
          "fullName": "SPECIFICATION: Person Attributes - Security & Edge Cases SPEC: Should handle extremely long attribute keys",
          "invocations": 1,
          "location": null,
          "numPassingAsserts": 0,
          "retryReasons": [],
          "status": "passed",
          "title": "SPEC: Should handle extremely long attribute keys"
        },
        {
          "ancestorTitles": [
            "SPECIFICATION: Person Attributes - Security & Edge Cases"
          ],
          "duration": 120,
          "failureDetails": [],
          "failureMessages": [],
          "fullName": "SPECIFICATION: Person Attributes - Security & Edge Cases SPEC: Should handle extremely long attribute values",
          "invocations": 1,
          "location": null,
          "numPassingAsserts": 0,
          "retryReasons": [],
          "status": "passed",
          "title": "SPEC: Should handle extremely long attribute values"
        },
        {
          "ancestorTitles": [
            "SPECIFICATION: Person Attributes - Security & Edge Cases"
          ],
          "duration": 348,
          "failureDetails": [],
          "failureMessages": [],
          "fullName": "SPECIFICATION: Person Attributes - Security & Edge Cases SPEC: Should handle Unicode and special characters",
          "invocations": 1,
          "location": null,
          "numPassingAsserts": 12,
          "retryReasons": [],
          "status": "passed",
          "title": "SPEC: Should handle Unicode and special characters"
        },
        {
          "ancestorTitles": [
            "SPECIFICATION: Person Attributes - Security & Edge Cases"
          ],
          "duration": 28,
          "failureDetails": [],
          "failureMessages": [],
          "fullName": "SPECIFICATION: Person Attributes - Security & Edge Cases SPEC: Should prevent accessing other person's attributes",
          "invocations": 1,
          "location": null,
          "numPassingAsserts": 0,
          "retryReasons": [],
          "status": "passed",
          "title": "SPEC: Should prevent accessing other person's attributes"
        },
        {
          "ancestorTitles": [
            "SPECIFICATION: Person Attributes - Security & Edge Cases"
          ],
          "duration": 12,
          "failureDetails": [],
          "failureMessages": [],
          "fullName": "SPECIFICATION: Person Attributes - Security & Edge Cases SPEC: Should handle duplicate attribute keys correctly",
          "invocations": 1,
          "location": null,
          "numPassingAsserts": 0,
          "retryReasons": [],
          "status": "passed",
          "title": "SPEC: Should handle duplicate attribute keys correctly"
        },
        {
          "ancestorTitles": [
            "SPECIFICATION: Person Attributes - Security & Edge Cases"
          ],
          "duration": 91,
          "failureDetails": [],
          "failureMessages": [],
          "fullName": "SPECIFICATION: Person Attributes - Security & Edge Cases SPEC: Should handle null and empty values appropriately",
          "invocations": 1,
          "location": null,
          "numPassingAsserts": 0,
          "retryReasons": [],
          "status": "passed",
          "title": "SPEC: Should handle null and empty values appropriately"
        }
      ],
      "failureMessage": null
    },
    {
      "leaks": false,
      "numFailingTests": 0,
      "numPassingTests": 22,
      "numPendingTests": 0,
      "numTodoTests": 0,
      "openHandles": [],
      "perfStats": {
        "end": 1773281778656,
        "runtime": 233,
        "slow": false,
        "start": 1773281778423
      },
      "skipped": false,
      "snapshot": {
        "added": 0,
        "fileDeleted": false,
        "matched": 0,
        "unchecked": 0,
        "uncheckedKeys": [],
        "unmatched": 0,
        "updated": 0
      },
      "testFilePath": "/Users/ramad/Works/Gti/person-services/person-service/Test/API_Tests/negative_tests/POST_persons_personId_attributes_negative.test.js",
      "testResults": [
        {
          "ancestorTitles": [
            "NEGATIVE: POST /persons/:personId/attributes - Create Attribute"
          ],
          "duration": 8,
          "failureDetails": [],
          "failureMessages": [],
          "fullName": "NEGATIVE: POST /persons/:personId/attributes - Create Attribute Should reject request without API key",
          "invocations": 1,
          "location": null,
          "numPassingAsserts": 2,
          "retryReasons": [],
          "status": "passed",
          "title": "Should reject request without API key"
        },
        {
          "ancestorTitles": [
            "NEGATIVE: POST /persons/:personId/attributes - Create Attribute"
          ],
          "duration": 2,
          "failureDetails": [],
          "failureMessages": [],
          "fullName": "NEGATIVE: POST /persons/:personId/attributes - Create Attribute Should reject request with invalid API key",
          "invocations": 1,
          "location": null,
          "numPassingAsserts": 1,
          "retryReasons": [],
          "status": "passed",
          "title": "Should reject request with invalid API key"
        },
        {
          "ancestorTitles": [
            "NEGATIVE: POST /persons/:personId/attributes - Create Attribute"
          ],
          "duration": 1,
          "failureDetails": [],
          "failureMessages": [],
          "fullName": "NEGATIVE: POST /persons/:personId/attributes - Create Attribute Should reject request with expired/wrong format API key",
          "invocations": 1,
          "location": null,
          "numPassingAsserts": 1,
          "retryReasons": [],
          "status": "passed",
          "title": "Should reject request with expired/wrong format API key"
        },
        {
          "ancestorTitles": [
            "NEGATIVE: POST /persons/:personId/attributes - Create Attribute"
          ],
          "duration": 2,
          "failureDetails": [],
          "failureMessages": [],
          "fullName": "NEGATIVE: POST /persons/:personId/attributes - Create Attribute Should reject request with non-existent personId",
          "invocations": 1,
          "location": null,
          "numPassingAsserts": 2,
          "retryReasons": [],
          "status": "passed",
          "title": "Should reject request with non-existent personId"
        },
        {
          "ancestorTitles": [
            "NEGATIVE: POST /persons/:personId/attributes - Create Attribute"
          ],
          "duration": 2,
          "failureDetails": [],
          "failureMessages": [],
          "fullName": "NEGATIVE: POST /persons/:personId/attributes - Create Attribute Should reject request with invalid UUID format for personId",
          "invocations": 1,
          "location": null,
          "numPassingAsserts": 1,
          "retryReasons": [],
          "status": "passed",
          "title": "Should reject request with invalid UUID format for personId"
        },
        {
          "ancestorTitles": [
            "NEGATIVE: POST /persons/:personId/attributes - Create Attribute"
          ],
          "duration": 1,
          "failureDetails": [],
          "failureMessages": [],
          "fullName": "NEGATIVE: POST /persons/:personId/attributes - Create Attribute Should reject request with empty personId",
          "invocations": 1,
          "location": null,
          "numPassingAsserts": 1,
          "retryReasons": [],
          "status": "passed",
          "title": "Should reject request with empty personId"
        },
        {
          "ancestorTitles": [
            "NEGATIVE: POST /persons/:personId/attributes - Create Attribute"
          ],
          "duration": 1,
          "failureDetails": [],
          "failureMessages": [],
          "fullName": "NEGATIVE: POST /persons/:personId/attributes - Create Attribute Should reject request without key field",
          "invocations": 1,
          "location": null,
          "numPassingAsserts": 2,
          "retryReasons": [],
          "status": "passed",
          "title": "Should reject request without key field"
        },
        {
          "ancestorTitles": [
            "NEGATIVE: POST /persons/:personId/attributes - Create Attribute"
          ],
          "duration": 4,
          "failureDetails": [],
          "failureMessages": [],
          "fullName": "NEGATIVE: POST /persons/:personId/attributes - Create Attribute Should reject request without meta field",
          "invocations": 1,
          "location": null,
          "numPassingAsserts": 2,
          "retryReasons": [],
          "status": "passed",
          "title": "Should reject request without meta field"
        },
        {
          "ancestorTitles": [
            "NEGATIVE: POST /persons/:personId/attributes - Create Attribute"
          ],
          "duration": 3,
          "failureDetails": [],
          "failureMessages": [],
          "fullName": "NEGATIVE: POST /persons/:personId/attributes - Create Attribute Should reject request with empty meta object",
          "invocations": 1,
          "location": null,
          "numPassingAsserts": 1,
          "retryReasons": [],
          "status": "passed",
          "title": "Should reject request with empty meta object"
        },
        {
          "ancestorTitles": [
            "NEGATIVE: POST /persons/:personId/attributes - Create Attribute"
          ],
          "duration": 1,
          "failureDetails": [],
          "failureMessages": [],
          "fullName": "NEGATIVE: POST /persons/:personId/attributes - Create Attribute Should reject request without entire body",
          "invocations": 1,
          "location": null,
          "numPassingAsserts": 1,
          "retryReasons": [],
          "status": "passed",
          "title": "Should reject request without entire body"
        },
        {
          "ancestorTitles": [
            "NEGATIVE: POST /persons/:personId/attributes - Create Attribute"
          ],
          "duration": 1,
          "failureDetails": [],
          "failureMessages": [],
          "fullName": "NEGATIVE: POST /persons/:personId/attributes - Create Attribute Should reject empty string as key",
          "invocations": 1,
          "location": null,
          "numPassingAsserts": 1,
          "retryReasons": [],
          "status": "passed",
          "title": "Should reject empty string as key"
        },
        {
          "ancestorTitles": [
            "NEGATIVE: POST /persons/:personId/attributes - Create Attribute"
          ],
          "duration": 1,
          "failureDetails": [],
          "failureMessages": [],
          "fullName": "NEGATIVE: POST /persons/:personId/attributes - Create Attribute Should reject null as key",
          "invocations": 1,
          "location": null,
          "numPassingAsserts": 1,
          "retryReasons": [],
          "status": "passed",
          "title": "Should reject null as key"
        },
        {
          "ancestorTitles": [
            "NEGATIVE: POST /persons/:personId/attributes - Create Attribute"
          ],
          "duration": 1,
          "failureDetails": [],
          "failureMessages": [],
          "fullName": "NEGATIVE: POST /persons/:personId/attributes - Create Attribute Should reject whitespace-only key",
          "invocations": 1,
          "location": null,
          "numPassingAsserts": 1,
          "retryReasons": [],
          "status": "passed",
          "title": "Should reject whitespace-only key"
        },
        {
          "ancestorTitles": [
            "NEGATIVE: POST /persons/:personId/attributes - Create Attribute"
          ],
          "duration": 1,
          "failureDetails": [],
          "failureMessages": [],
          "fullName": "NEGATIVE: POST /persons/:personId/attributes - Create Attribute Should reject number as key",
          "invocations": 1,
          "location": null,
          "numPassingAsserts": 1,
          "retryReasons": [],
          "status": "passed",
          "title": "Should reject number as key"
        },
        {
          "ancestorTitles": [
            "NEGATIVE: POST /persons/:personId/attributes - Create Attribute"
          ],
          "duration": 1,
          "failureDetails": [],
          "failureMessages": [],
          "fullName": "NEGATIVE: POST /persons/:personId/attributes - Create Attribute Should reject object as key",
          "invocations": 1,
          "location": null,
          "numPassingAsserts": 1,
          "retryReasons": [],
          "status": "passed",
          "title": "Should reject object as key"
        },
        {
          "ancestorTitles": [
            "NEGATIVE: POST /persons/:personId/attributes - Create Attribute"
          ],
          "duration": 0,
          "failureDetails": [],
          "failureMessages": [],
          "fullName": "NEGATIVE: POST /persons/:personId/attributes - Create Attribute Should reject array as value",
          "invocations": 1,
          "location": null,
          "numPassingAsserts": 1,
          "retryReasons": [],
          "status": "passed",
          "title": "Should reject array as value"
        },
        {
          "ancestorTitles": [
            "NEGATIVE: POST /persons/:personId/attributes - Create Attribute"
          ],
          "duration": 1,
          "failureDetails": [],
          "failureMessages": [],
          "fullName": "NEGATIVE: POST /persons/:personId/attributes - Create Attribute Should reject invalid JSON",
          "invocations": 1,
          "location": null,
          "numPassingAsserts": 1,
          "retryReasons": [],
          "status": "passed",
          "title": "Should reject invalid JSON"
        },
        {
          "ancestorTitles": [
            "NEGATIVE: POST /persons/:personId/attributes - Create Attribute"
          ],
          "duration": 1,
          "failureDetails": [],
          "failureMessages": [],
          "fullName": "NEGATIVE: POST /persons/:personId/attributes - Create Attribute Should reject wrong Content-Type",
          "invocations": 1,
          "location": null,
          "numPassingAsserts": 1,
          "retryReasons": [],
          "status": "passed",
          "title": "Should reject wrong Content-Type"
        },
        {
          "ancestorTitles": [
            "NEGATIVE: POST /persons/:personId/attributes - Create Attribute"
          ],
          "duration": 5,
          "failureDetails": [],
          "failureMessages": [],
          "fullName": "NEGATIVE: POST /persons/:personId/attributes - Create Attribute Should handle or reject extremely long key",
          "invocations": 1,
          "location": null,
          "numPassingAsserts": 0,
          "retryReasons": [],
          "status": "passed",
          "title": "Should handle or reject extremely long key"
        },
        {
          "ancestorTitles": [
            "NEGATIVE: POST /persons/:personId/attributes - Create Attribute"
          ],
          "duration": 73,
          "failureDetails": [],
          "failureMessages": [],
          "fullName": "NEGATIVE: POST /persons/:personId/attributes - Create Attribute Should handle or reject extremely long value",
          "invocations": 1,
          "location": null,
          "numPassingAsserts": 0,
          "retryReasons": [],
          "status": "passed",
          "title": "Should handle or reject extremely long value"
        },
        {
          "ancestorTitles": [
            "NEGATIVE: POST /persons/:personId/attributes - Create Attribute"
          ],
          "duration": 24,
          "failureDetails": [],
          "failureMessages": [],
          "fullName": "NEGATIVE: POST /persons/:personId/attributes - Create Attribute Should reject GET method on POST endpoint",
          "invocations": 1,
          "location": null,
          "numPassingAsserts": 0,
          "retryReasons": [],
          "status": "passed",
          "title": "Should reject GET method on POST endpoint"
        },
        {
          "ancestorTitles": [
            "NEGATIVE: POST /persons/:personId/attributes - Create Attribute"
          ],
          "duration": 1,
          "failureDetails": [],
          "failureMessages": [],
          "fullName": "NEGATIVE: POST /persons/:personId/attributes - Create Attribute Should reject PATCH method",
          "invocations": 1,
          "location": null,
          "numPassingAsserts": 1,
          "retryReasons": [],
          "status": "passed",
          "title": "Should reject PATCH method"
        }
      ],
      "failureMessage": null
    },
    {
      "leaks": false,
      "numFailingTests": 0,
      "numPassingTests": 5,
      "numPendingTests": 0,
      "numTodoTests": 0,
      "openHandles": [],
      "perfStats": {
        "end": 1773281778868,
        "runtime": 209,
        "slow": false,
        "start": 1773281778659
      },
      "skipped": false,
      "snapshot": {
        "added": 0,
        "fileDeleted": false,
        "matched": 0,
        "unchecked": 0,
        "uncheckedKeys": [],
        "unmatched": 0,
        "updated": 0
      },
      "testFilePath": "/Users/ramad/Works/Gti/person-services/person-service/Test/API_Tests/comprehensive_tests/person_attributes_full_verification.test.js",
      "testResults": [
        {
          "ancestorTitles": [
            "Person Attributes API - Full Verification with Encryption"
          ],
          "duration": 23,
          "failureDetails": [],
          "failureMessages": [],
          "fullName": "Person Attributes API - Full Verification with Encryption 1. CREATE attribute via API and verify ENCRYPTION in database",
          "invocations": 1,
          "location": null,
          "numPassingAsserts": 9,
          "retryReasons": [],
          "status": "passed",
          "title": "1. CREATE attribute via API and verify ENCRYPTION in database"
        },
        {
          "ancestorTitles": [
            "Person Attributes API - Full Verification with Encryption"
          ],
          "duration": 17,
          "failureDetails": [],
          "failureMessages": [],
          "fullName": "Person Attributes API - Full Verification with Encryption 2. GET attribute via API and verify DECRYPTION",
          "invocations": 1,
          "location": null,
          "numPassingAsserts": 6,
          "retryReasons": [],
          "status": "passed",
          "title": "2. GET attribute via API and verify DECRYPTION"
        },
        {
          "ancestorTitles": [
            "Person Attributes API - Full Verification with Encryption"
          ],
          "duration": 20,
          "failureDetails": [],
          "failureMessages": [],
          "fullName": "Person Attributes API - Full Verification with Encryption 3. UPDATE attribute and verify RE-ENCRYPTION in database",
          "invocations": 1,
          "location": null,
          "numPassingAsserts": 4,
          "retryReasons": [],
          "status": "passed",
          "title": "3. UPDATE attribute and verify RE-ENCRYPTION in database"
        },
        {
          "ancestorTitles": [
            "Person Attributes API - Full Verification with Encryption"
          ],
          "duration": 24,
          "failureDetails": [],
          "failureMessages": [],
          "fullName": "Person Attributes API - Full Verification with Encryption 4. DELETE attribute and verify complete removal from database",
          "invocations": 1,
          "location": null,
          "numPassingAsserts": 4,
          "retryReasons": [],
          "status": "passed",
          "title": "4. DELETE attribute and verify complete removal from database"
        },
        {
          "ancestorTitles": [
            "Person Attributes API - Full Verification with Encryption"
          ],
          "duration": 29,
          "failureDetails": [],
          "failureMessages": [],
          "fullName": "Person Attributes API - Full Verification with Encryption 5. FULL CRUD LIFECYCLE with encryption at each step",
          "invocations": 1,
          "location": null,
          "numPassingAsserts": 3,
          "retryReasons": [],
          "status": "passed",
          "title": "5. FULL CRUD LIFECYCLE with encryption at each step"
        }
      ],
      "failureMessage": null
    },
    {
      "leaks": false,
      "numFailingTests": 0,
      "numPassingTests": 18,
      "numPendingTests": 0,
      "numTodoTests": 0,
      "openHandles": [],
      "perfStats": {
        "end": 1773281779063,
        "runtime": 192,
        "slow": false,
        "start": 1773281778871
      },
      "skipped": false,
      "snapshot": {
        "added": 0,
        "fileDeleted": false,
        "matched": 0,
        "unchecked": 0,
        "uncheckedKeys": [],
        "unmatched": 0,
        "updated": 0
      },
      "testFilePath": "/Users/ramad/Works/Gti/person-services/person-service/Test/API_Tests/negative_tests/POST_api_key-value_negative.test.js",
      "testResults": [
        {
          "ancestorTitles": [
            "NEGATIVE: POST /api/key-value - Create/Update Key-Value"
          ],
          "duration": 8,
          "failureDetails": [],
          "failureMessages": [],
          "fullName": "NEGATIVE: POST /api/key-value - Create/Update Key-Value Should reject request with missing key field",
          "invocations": 1,
          "location": null,
          "numPassingAsserts": 2,
          "retryReasons": [],
          "status": "passed",
          "title": "Should reject request with missing key field"
        },
        {
          "ancestorTitles": [
            "NEGATIVE: POST /api/key-value - Create/Update Key-Value"
          ],
          "duration": 3,
          "failureDetails": [],
          "failureMessages": [],
          "fullName": "NEGATIVE: POST /api/key-value - Create/Update Key-Value Should reject request with missing value field",
          "invocations": 1,
          "location": null,
          "numPassingAsserts": 2,
          "retryReasons": [],
          "status": "passed",
          "title": "Should reject request with missing value field"
        },
        {
          "ancestorTitles": [
            "NEGATIVE: POST /api/key-value - Create/Update Key-Value"
          ],
          "duration": 1,
          "failureDetails": [],
          "failureMessages": [],
          "fullName": "NEGATIVE: POST /api/key-value - Create/Update Key-Value Should reject completely empty request body",
          "invocations": 1,
          "location": null,
          "numPassingAsserts": 1,
          "retryReasons": [],
          "status": "passed",
          "title": "Should reject completely empty request body"
        },
        {
          "ancestorTitles": [
            "NEGATIVE: POST /api/key-value - Create/Update Key-Value"
          ],
          "duration": 2,
          "failureDetails": [],
          "failureMessages": [],
          "fullName": "NEGATIVE: POST /api/key-value - Create/Update Key-Value Should reject empty string as key",
          "invocations": 1,
          "location": null,
          "numPassingAsserts": 1,
          "retryReasons": [],
          "status": "passed",
          "title": "Should reject empty string as key"
        },
        {
          "ancestorTitles": [
            "NEGATIVE: POST /api/key-value - Create/Update Key-Value"
          ],
          "duration": 1,
          "failureDetails": [],
          "failureMessages": [],
          "fullName": "NEGATIVE: POST /api/key-value - Create/Update Key-Value Should reject empty string as value",
          "invocations": 1,
          "location": null,
          "numPassingAsserts": 1,
          "retryReasons": [],
          "status": "passed",
          "title": "Should reject empty string as value"
        },
        {
          "ancestorTitles": [
            "NEGATIVE: POST /api/key-value - Create/Update Key-Value"
          ],
          "duration": 1,
          "failureDetails": [],
          "failureMessages": [],
          "fullName": "NEGATIVE: POST /api/key-value - Create/Update Key-Value Should reject null as key",
          "invocations": 1,
          "location": null,
          "numPassingAsserts": 1,
          "retryReasons": [],
          "status": "passed",
          "title": "Should reject null as key"
        },
        {
          "ancestorTitles": [
            "NEGATIVE: POST /api/key-value - Create/Update Key-Value"
          ],
          "duration": 1,
          "failureDetails": [],
          "failureMessages": [],
          "fullName": "NEGATIVE: POST /api/key-value - Create/Update Key-Value Should reject null as value",
          "invocations": 1,
          "location": null,
          "numPassingAsserts": 1,
          "retryReasons": [],
          "status": "passed",
          "title": "Should reject null as value"
        },
        {
          "ancestorTitles": [
            "NEGATIVE: POST /api/key-value - Create/Update Key-Value"
          ],
          "duration": 2,
          "failureDetails": [],
          "failureMessages": [],
          "fullName": "NEGATIVE: POST /api/key-value - Create/Update Key-Value Should reject number as key",
          "invocations": 1,
          "location": null,
          "numPassingAsserts": 1,
          "retryReasons": [],
          "status": "passed",
          "title": "Should reject number as key"
        },
        {
          "ancestorTitles": [
            "NEGATIVE: POST /api/key-value - Create/Update Key-Value"
          ],
          "duration": 2,
          "failureDetails": [],
          "failureMessages": [],
          "fullName": "NEGATIVE: POST /api/key-value - Create/Update Key-Value Should reject object as key",
          "invocations": 1,
          "location": null,
          "numPassingAsserts": 1,
          "retryReasons": [],
          "status": "passed",
          "title": "Should reject object as key"
        },
        {
          "ancestorTitles": [
            "NEGATIVE: POST /api/key-value - Create/Update Key-Value"
          ],
          "duration": 2,
          "failureDetails": [],
          "failureMessages": [],
          "fullName": "NEGATIVE: POST /api/key-value - Create/Update Key-Value Should reject array as key",
          "invocations": 1,
          "location": null,
          "numPassingAsserts": 1,
          "retryReasons": [],
          "status": "passed",
          "title": "Should reject array as key"
        },
        {
          "ancestorTitles": [
            "NEGATIVE: POST /api/key-value - Create/Update Key-Value"
          ],
          "duration": 1,
          "failureDetails": [],
          "failureMessages": [],
          "fullName": "NEGATIVE: POST /api/key-value - Create/Update Key-Value Should reject boolean as key",
          "invocations": 1,
          "location": null,
          "numPassingAsserts": 1,
          "retryReasons": [],
          "status": "passed",
          "title": "Should reject boolean as key"
        },
        {
          "ancestorTitles": [
            "NEGATIVE: POST /api/key-value - Create/Update Key-Value"
          ],
          "duration": 2,
          "failureDetails": [],
          "failureMessages": [],
          "fullName": "NEGATIVE: POST /api/key-value - Create/Update Key-Value Should reject invalid JSON",
          "invocations": 1,
          "location": null,
          "numPassingAsserts": 1,
          "retryReasons": [],
          "status": "passed",
          "title": "Should reject invalid JSON"
        },
        {
          "ancestorTitles": [
            "NEGATIVE: POST /api/key-value - Create/Update Key-Value"
          ],
          "duration": 1,
          "failureDetails": [],
          "failureMessages": [],
          "fullName": "NEGATIVE: POST /api/key-value - Create/Update Key-Value Should reject wrong Content-Type",
          "invocations": 1,
          "location": null,
          "numPassingAsserts": 1,
          "retryReasons": [],
          "status": "passed",
          "title": "Should reject wrong Content-Type"
        },
        {
          "ancestorTitles": [
            "NEGATIVE: POST /api/key-value - Create/Update Key-Value"
          ],
          "duration": 5,
          "failureDetails": [],
          "failureMessages": [],
          "fullName": "NEGATIVE: POST /api/key-value - Create/Update Key-Value Should handle or reject extremely long key (10KB)",
          "invocations": 1,
          "location": null,
          "numPassingAsserts": 0,
          "retryReasons": [],
          "status": "passed",
          "title": "Should handle or reject extremely long key (10KB)"
        },
        {
          "ancestorTitles": [
            "NEGATIVE: POST /api/key-value - Create/Update Key-Value"
          ],
          "duration": 52,
          "failureDetails": [],
          "failureMessages": [],
          "fullName": "NEGATIVE: POST /api/key-value - Create/Update Key-Value Should handle or reject extremely long value (1MB)",
          "invocations": 1,
          "location": null,
          "numPassingAsserts": 0,
          "retryReasons": [],
          "status": "passed",
          "title": "Should handle or reject extremely long value (1MB)"
        },
        {
          "ancestorTitles": [
            "NEGATIVE: POST /api/key-value - Create/Update Key-Value"
          ],
          "duration": 2,
          "failureDetails": [],
          "failureMessages": [],
          "fullName": "NEGATIVE: POST /api/key-value - Create/Update Key-Value Should reject key with only whitespace",
          "invocations": 1,
          "location": null,
          "numPassingAsserts": 1,
          "retryReasons": [],
          "status": "passed",
          "title": "Should reject key with only whitespace"
        },
        {
          "ancestorTitles": [
            "NEGATIVE: POST /api/key-value - Create/Update Key-Value"
          ],
          "duration": 5,
          "failureDetails": [],
          "failureMessages": [],
          "fullName": "NEGATIVE: POST /api/key-value - Create/Update Key-Value Should handle or reject key with special characters",
          "invocations": 1,
          "location": null,
          "numPassingAsserts": 1,
          "retryReasons": [],
          "status": "passed",
          "title": "Should handle or reject key with special characters"
        },
        {
          "ancestorTitles": [
            "NEGATIVE: POST /api/key-value - Create/Update Key-Value"
          ],
          "duration": 3,
          "failureDetails": [],
          "failureMessages": [],
          "fullName": "NEGATIVE: POST /api/key-value - Create/Update Key-Value Should handle extra fields in request body",
          "invocations": 1,
          "location": null,
          "numPassingAsserts": 1,
          "retryReasons": [],
          "status": "passed",
          "title": "Should handle extra fields in request body"
        }
      ],
      "failureMessage": null
    },
    {
      "leaks": false,
      "numFailingTests": 0,
      "numPassingTests": 5,
      "numPendingTests": 0,
      "numTodoTests": 0,
      "openHandles": [],
      "perfStats": {
        "end": 1773281779325,
        "runtime": 259,
        "slow": false,
        "start": 1773281779066
      },
      "skipped": false,
      "snapshot": {
        "added": 0,
        "fileDeleted": false,
        "matched": 0,
        "unchecked": 0,
        "uncheckedKeys": [],
        "unmatched": 0,
        "updated": 0
      },
      "testFilePath": "/Users/ramad/Works/Gti/person-services/person-service/Test/API_Tests/comprehensive_tests/key_value_full_verification.test.js",
      "testResults": [
        {
          "ancestorTitles": [
            "Key-Value API - Full CRUD with Database Verification"
          ],
          "duration": 23,
          "failureDetails": [],
          "failureMessages": [],
          "fullName": "Key-Value API - Full CRUD with Database Verification 1. CREATE key-value via API and verify in database",
          "invocations": 1,
          "location": null,
          "numPassingAsserts": 10,
          "retryReasons": [],
          "status": "passed",
          "title": "1. CREATE key-value via API and verify in database"
        },
        {
          "ancestorTitles": [
            "Key-Value API - Full CRUD with Database Verification"
          ],
          "duration": 9,
          "failureDetails": [],
          "failureMessages": [],
          "fullName": "Key-Value API - Full CRUD with Database Verification 2. GET key-value via API and verify response matches database",
          "invocations": 1,
          "location": null,
          "numPassingAsserts": 5,
          "retryReasons": [],
          "status": "passed",
          "title": "2. GET key-value via API and verify response matches database"
        },
        {
          "ancestorTitles": [
            "Key-Value API - Full CRUD with Database Verification"
          ],
          "duration": 11,
          "failureDetails": [],
          "failureMessages": [],
          "fullName": "Key-Value API - Full CRUD with Database Verification 3. UPDATE key-value via API and verify in database",
          "invocations": 1,
          "location": null,
          "numPassingAsserts": 5,
          "retryReasons": [],
          "status": "passed",
          "title": "3. UPDATE key-value via API and verify in database"
        },
        {
          "ancestorTitles": [
            "Key-Value API - Full CRUD with Database Verification"
          ],
          "duration": 13,
          "failureDetails": [],
          "failureMessages": [],
          "fullName": "Key-Value API - Full CRUD with Database Verification 4. DELETE key-value via API and verify removal from database",
          "invocations": 1,
          "location": null,
          "numPassingAsserts": 4,
          "retryReasons": [],
          "status": "passed",
          "title": "4. DELETE key-value via API and verify removal from database"
        },
        {
          "ancestorTitles": [
            "Key-Value API - Full CRUD with Database Verification"
          ],
          "duration": 20,
          "failureDetails": [],
          "failureMessages": [],
          "fullName": "Key-Value API - Full CRUD with Database Verification 5. FULL CRUD LIFECYCLE with step-by-step database verification",
          "invocations": 1,
          "location": null,
          "numPassingAsserts": 6,
          "retryReasons": [],
          "status": "passed",
          "title": "5. FULL CRUD LIFECYCLE with step-by-step database verification"
        }
      ],
      "failureMessage": null
    },
    {
      "leaks": false,
      "numFailingTests": 0,
      "numPassingTests": 20,
      "numPendingTests": 0,
      "numTodoTests": 0,
      "openHandles": [],
      "perfStats": {
        "end": 1773281779509,
        "runtime": 182,
        "slow": false,
        "start": 1773281779327
      },
      "skipped": false,
      "snapshot": {
        "added": 0,
        "fileDeleted": false,
        "matched": 0,
        "unchecked": 0,
        "uncheckedKeys": [],
        "unmatched": 0,
        "updated": 0
      },
      "testFilePath": "/Users/ramad/Works/Gti/person-services/person-service/Test/API_Tests/negative_tests/PUT_persons_personId_attributes_attributeId_negative.test.js",
      "testResults": [
        {
          "ancestorTitles": [
            "NEGATIVE: PUT /persons/:personId/attributes/:attributeId"
          ],
          "duration": 11,
          "failureDetails": [],
          "failureMessages": [],
          "fullName": "NEGATIVE: PUT /persons/:personId/attributes/:attributeId Should reject request without API key",
          "invocations": 1,
          "location": null,
          "numPassingAsserts": 1,
          "retryReasons": [],
          "status": "passed",
          "title": "Should reject request without API key"
        },
        {
          "ancestorTitles": [
            "NEGATIVE: PUT /persons/:personId/attributes/:attributeId"
          ],
          "duration": 3,
          "failureDetails": [],
          "failureMessages": [],
          "fullName": "NEGATIVE: PUT /persons/:personId/attributes/:attributeId Should reject request with invalid API key",
          "invocations": 1,
          "location": null,
          "numPassingAsserts": 1,
          "retryReasons": [],
          "status": "passed",
          "title": "Should reject request with invalid API key"
        },
        {
          "ancestorTitles": [
            "NEGATIVE: PUT /persons/:personId/attributes/:attributeId"
          ],
          "duration": 3,
          "failureDetails": [],
          "failureMessages": [],
          "fullName": "NEGATIVE: PUT /persons/:personId/attributes/:attributeId Should return 404 for non-existent personId",
          "invocations": 1,
          "location": null,
          "numPassingAsserts": 1,
          "retryReasons": [],
          "status": "passed",
          "title": "Should return 404 for non-existent personId"
        },
        {
          "ancestorTitles": [
            "NEGATIVE: PUT /persons/:personId/attributes/:attributeId"
          ],
          "duration": 3,
          "failureDetails": [],
          "failureMessages": [],
          "fullName": "NEGATIVE: PUT /persons/:personId/attributes/:attributeId Should return 404 for non-existent attributeId",
          "invocations": 1,
          "location": null,
          "numPassingAsserts": 1,
          "retryReasons": [],
          "status": "passed",
          "title": "Should return 404 for non-existent attributeId"
        },
        {
          "ancestorTitles": [
            "NEGATIVE: PUT /persons/:personId/attributes/:attributeId"
          ],
          "duration": 1,
          "failureDetails": [],
          "failureMessages": [],
          "fullName": "NEGATIVE: PUT /persons/:personId/attributes/:attributeId Should reject invalid UUID format for personId",
          "invocations": 1,
          "location": null,
          "numPassingAsserts": 1,
          "retryReasons": [],
          "status": "passed",
          "title": "Should reject invalid UUID format for personId"
        },
        {
          "ancestorTitles": [
            "NEGATIVE: PUT /persons/:personId/attributes/:attributeId"
          ],
          "duration": 2,
          "failureDetails": [],
          "failureMessages": [],
          "fullName": "NEGATIVE: PUT /persons/:personId/attributes/:attributeId Should reject invalid UUID format for attributeId",
          "invocations": 1,
          "location": null,
          "numPassingAsserts": 1,
          "retryReasons": [],
          "status": "passed",
          "title": "Should reject invalid UUID format for attributeId"
        },
        {
          "ancestorTitles": [
            "NEGATIVE: PUT /persons/:personId/attributes/:attributeId"
          ],
          "duration": 1,
          "failureDetails": [],
          "failureMessages": [],
          "fullName": "NEGATIVE: PUT /persons/:personId/attributes/:attributeId Should reject request without body",
          "invocations": 1,
          "location": null,
          "numPassingAsserts": 1,
          "retryReasons": [],
          "status": "passed",
          "title": "Should reject request without body"
        },
        {
          "ancestorTitles": [
            "NEGATIVE: PUT /persons/:personId/attributes/:attributeId"
          ],
          "duration": 2,
          "failureDetails": [],
          "failureMessages": [],
          "fullName": "NEGATIVE: PUT /persons/:personId/attributes/:attributeId Should reject empty body",
          "invocations": 1,
          "location": null,
          "numPassingAsserts": 1,
          "retryReasons": [],
          "status": "passed",
          "title": "Should reject empty body"
        },
        {
          "ancestorTitles": [
            "NEGATIVE: PUT /persons/:personId/attributes/:attributeId"
          ],
          "duration": 2,
          "failureDetails": [],
          "failureMessages": [],
          "fullName": "NEGATIVE: PUT /persons/:personId/attributes/:attributeId Should reject request without value field",
          "invocations": 1,
          "location": null,
          "numPassingAsserts": 1,
          "retryReasons": [],
          "status": "passed",
          "title": "Should reject request without value field"
        },
        {
          "ancestorTitles": [
            "NEGATIVE: PUT /persons/:personId/attributes/:attributeId"
          ],
          "duration": 1,
          "failureDetails": [],
          "failureMessages": [],
          "fullName": "NEGATIVE: PUT /persons/:personId/attributes/:attributeId Should reject empty string as value",
          "invocations": 1,
          "location": null,
          "numPassingAsserts": 1,
          "retryReasons": [],
          "status": "passed",
          "title": "Should reject empty string as value"
        },
        {
          "ancestorTitles": [
            "NEGATIVE: PUT /persons/:personId/attributes/:attributeId"
          ],
          "duration": 1,
          "failureDetails": [],
          "failureMessages": [],
          "fullName": "NEGATIVE: PUT /persons/:personId/attributes/:attributeId Should reject null as value",
          "invocations": 1,
          "location": null,
          "numPassingAsserts": 1,
          "retryReasons": [],
          "status": "passed",
          "title": "Should reject null as value"
        },
        {
          "ancestorTitles": [
            "NEGATIVE: PUT /persons/:personId/attributes/:attributeId"
          ],
          "duration": 1,
          "failureDetails": [],
          "failureMessages": [],
          "fullName": "NEGATIVE: PUT /persons/:personId/attributes/:attributeId Should reject whitespace-only value",
          "invocations": 1,
          "location": null,
          "numPassingAsserts": 1,
          "retryReasons": [],
          "status": "passed",
          "title": "Should reject whitespace-only value"
        },
        {
          "ancestorTitles": [
            "NEGATIVE: PUT /persons/:personId/attributes/:attributeId"
          ],
          "duration": 1,
          "failureDetails": [],
          "failureMessages": [],
          "fullName": "NEGATIVE: PUT /persons/:personId/attributes/:attributeId Should reject number as value",
          "invocations": 1,
          "location": null,
          "numPassingAsserts": 1,
          "retryReasons": [],
          "status": "passed",
          "title": "Should reject number as value"
        },
        {
          "ancestorTitles": [
            "NEGATIVE: PUT /persons/:personId/attributes/:attributeId"
          ],
          "duration": 1,
          "failureDetails": [],
          "failureMessages": [],
          "fullName": "NEGATIVE: PUT /persons/:personId/attributes/:attributeId Should reject object as value",
          "invocations": 1,
          "location": null,
          "numPassingAsserts": 1,
          "retryReasons": [],
          "status": "passed",
          "title": "Should reject object as value"
        },
        {
          "ancestorTitles": [
            "NEGATIVE: PUT /persons/:personId/attributes/:attributeId"
          ],
          "duration": 1,
          "failureDetails": [],
          "failureMessages": [],
          "fullName": "NEGATIVE: PUT /persons/:personId/attributes/:attributeId Should reject array as value",
          "invocations": 1,
          "location": null,
          "numPassingAsserts": 1,
          "retryReasons": [],
          "status": "passed",
          "title": "Should reject array as value"
        },
        {
          "ancestorTitles": [
            "NEGATIVE: PUT /persons/:personId/attributes/:attributeId"
          ],
          "duration": 1,
          "failureDetails": [],
          "failureMessages": [],
          "fullName": "NEGATIVE: PUT /persons/:personId/attributes/:attributeId Should reject invalid JSON",
          "invocations": 1,
          "location": null,
          "numPassingAsserts": 1,
          "retryReasons": [],
          "status": "passed",
          "title": "Should reject invalid JSON"
        },
        {
          "ancestorTitles": [
            "NEGATIVE: PUT /persons/:personId/attributes/:attributeId"
          ],
          "duration": 1,
          "failureDetails": [],
          "failureMessages": [],
          "fullName": "NEGATIVE: PUT /persons/:personId/attributes/:attributeId Should handle wrong Content-Type",
          "invocations": 1,
          "location": null,
          "numPassingAsserts": 1,
          "retryReasons": [],
          "status": "passed",
          "title": "Should handle wrong Content-Type"
        },
        {
          "ancestorTitles": [
            "NEGATIVE: PUT /persons/:personId/attributes/:attributeId"
          ],
          "duration": 47,
          "failureDetails": [],
          "failureMessages": [],
          "fullName": "NEGATIVE: PUT /persons/:personId/attributes/:attributeId Should handle or reject extremely long value",
          "invocations": 1,
          "location": null,
          "numPassingAsserts": 1,
          "retryReasons": [],
          "status": "passed",
          "title": "Should handle or reject extremely long value"
        },
        {
          "ancestorTitles": [
            "NEGATIVE: PUT /persons/:personId/attributes/:attributeId"
          ],
          "duration": 2,
          "failureDetails": [],
          "failureMessages": [],
          "fullName": "NEGATIVE: PUT /persons/:personId/attributes/:attributeId Should reject POST method on PUT endpoint",
          "invocations": 1,
          "location": null,
          "numPassingAsserts": 1,
          "retryReasons": [],
          "status": "passed",
          "title": "Should reject POST method on PUT endpoint"
        },
        {
          "ancestorTitles": [
            "NEGATIVE: PUT /persons/:personId/attributes/:attributeId"
          ],
          "duration": 1,
          "failureDetails": [],
          "failureMessages": [],
          "fullName": "NEGATIVE: PUT /persons/:personId/attributes/:attributeId Should reject PATCH method",
          "invocations": 1,
          "location": null,
          "numPassingAsserts": 1,
          "retryReasons": [],
          "status": "passed",
          "title": "Should reject PATCH method"
        }
      ],
      "failureMessage": null
    },
    {
      "leaks": false,
      "numFailingTests": 0,
      "numPassingTests": 5,
      "numPendingTests": 0,
      "numTodoTests": 0,
      "openHandles": [],
      "perfStats": {
        "end": 1773281779681,
        "runtime": 169,
        "slow": false,
        "start": 1773281779512
      },
      "skipped": false,
      "snapshot": {
        "added": 0,
        "fileDeleted": false,
        "matched": 0,
        "unchecked": 0,
        "uncheckedKeys": [],
        "unmatched": 0,
        "updated": 0
      },
      "testFilePath": "/Users/ramad/Works/Gti/person-services/person-service/Test/steps/person_attributes_with_db.test.js",
      "testResults": [
        {
          "ancestorTitles": [
            "Person Attributes - API + Database Verification"
          ],
          "duration": 24,
          "failureDetails": [],
          "failureMessages": [],
          "fullName": "Person Attributes - API + Database Verification 1. CREATE attribute via API and verify in database (ENCRYPTED)",
          "invocations": 1,
          "location": null,
          "numPassingAsserts": 8,
          "retryReasons": [],
          "status": "passed",
          "title": "1. CREATE attribute via API and verify in database (ENCRYPTED)"
        },
        {
          "ancestorTitles": [
            "Person Attributes - API + Database Verification"
          ],
          "duration": 6,
          "failureDetails": [],
          "failureMessages": [],
          "fullName": "Person Attributes - API + Database Verification 2. GET attribute via API and verify decryption",
          "invocations": 1,
          "location": null,
          "numPassingAsserts": 5,
          "retryReasons": [],
          "status": "passed",
          "title": "2. GET attribute via API and verify decryption"
        },
        {
          "ancestorTitles": [
            "Person Attributes - API + Database Verification"
          ],
          "duration": 9,
          "failureDetails": [],
          "failureMessages": [],
          "fullName": "Person Attributes - API + Database Verification 3. UPDATE attribute via API and verify in database",
          "invocations": 1,
          "location": null,
          "numPassingAsserts": 4,
          "retryReasons": [],
          "status": "passed",
          "title": "3. UPDATE attribute via API and verify in database"
        },
        {
          "ancestorTitles": [
            "Person Attributes - API + Database Verification"
          ],
          "duration": 7,
          "failureDetails": [],
          "failureMessages": [],
          "fullName": "Person Attributes - API + Database Verification 4. DELETE attribute via API and verify in database",
          "invocations": 1,
          "location": null,
          "numPassingAsserts": 3,
          "retryReasons": [],
          "status": "passed",
          "title": "4. DELETE attribute via API and verify in database"
        },
        {
          "ancestorTitles": [
            "Person Attributes - API + Database Verification"
          ],
          "duration": 27,
          "failureDetails": [],
          "failureMessages": [],
          "fullName": "Person Attributes - API + Database Verification 5. GET ALL attributes for person",
          "invocations": 1,
          "location": null,
          "numPassingAsserts": 9,
          "retryReasons": [],
          "status": "passed",
          "title": "5. GET ALL attributes for person"
        }
      ],
      "failureMessage": null
    },
    {
      "leaks": false,
      "numFailingTests": 0,
      "numPassingTests": 5,
      "numPendingTests": 0,
      "numTodoTests": 0,
      "openHandles": [],
      "perfStats": {
        "end": 1773281779835,
        "runtime": 152,
        "slow": false,
        "start": 1773281779683
      },
      "skipped": false,
      "snapshot": {
        "added": 0,
        "fileDeleted": false,
        "matched": 0,
        "unchecked": 0,
        "uncheckedKeys": [],
        "unmatched": 0,
        "updated": 0
      },
      "testFilePath": "/Users/ramad/Works/Gti/person-services/person-service/Test/API_Tests/tests/DELETE_persons_personId_attributes_attributeId.test.js",
      "testResults": [
        {
          "ancestorTitles": [
            "DELETE /persons/:personId/attributes/:attributeId - Delete Attribute"
          ],
          "duration": 15,
          "failureDetails": [],
          "failureMessages": [],
          "fullName": "DELETE /persons/:personId/attributes/:attributeId - Delete Attribute Delete an existing attribute",
          "invocations": 1,
          "location": null,
          "numPassingAsserts": 2,
          "retryReasons": [],
          "status": "passed",
          "title": "Delete an existing attribute"
        },
        {
          "ancestorTitles": [
            "DELETE /persons/:personId/attributes/:attributeId - Delete Attribute"
          ],
          "duration": 11,
          "failureDetails": [],
          "failureMessages": [],
          "fullName": "DELETE /persons/:personId/attributes/:attributeId - Delete Attribute Verify attribute is deleted from database",
          "invocations": 1,
          "location": null,
          "numPassingAsserts": 1,
          "retryReasons": [],
          "status": "passed",
          "title": "Verify attribute is deleted from database"
        },
        {
          "ancestorTitles": [
            "DELETE /persons/:personId/attributes/:attributeId - Delete Attribute"
          ],
          "duration": 3,
          "failureDetails": [],
          "failureMessages": [],
          "fullName": "DELETE /persons/:personId/attributes/:attributeId - Delete Attribute Delete non-existent attribute",
          "invocations": 1,
          "location": null,
          "numPassingAsserts": 1,
          "retryReasons": [],
          "status": "passed",
          "title": "Delete non-existent attribute"
        },
        {
          "ancestorTitles": [
            "DELETE /persons/:personId/attributes/:attributeId - Delete Attribute"
          ],
          "duration": 7,
          "failureDetails": [],
          "failureMessages": [],
          "fullName": "DELETE /persons/:personId/attributes/:attributeId - Delete Attribute Delete without API key",
          "invocations": 1,
          "location": null,
          "numPassingAsserts": 1,
          "retryReasons": [],
          "status": "passed",
          "title": "Delete without API key"
        },
        {
          "ancestorTitles": [
            "DELETE /persons/:personId/attributes/:attributeId - Delete Attribute"
          ],
          "duration": 21,
          "failureDetails": [],
          "failureMessages": [],
          "fullName": "DELETE /persons/:personId/attributes/:attributeId - Delete Attribute Full CRUD lifecycle",
          "invocations": 1,
          "location": null,
          "numPassingAsserts": 7,
          "retryReasons": [],
          "status": "passed",
          "title": "Full CRUD lifecycle"
        }
      ],
      "failureMessage": null
    },
    {
      "leaks": false,
      "numFailingTests": 0,
      "numPassingTests": 19,
      "numPendingTests": 0,
      "numTodoTests": 0,
      "openHandles": [],
      "perfStats": {
        "end": 1773281779978,
        "runtime": 139,
        "slow": false,
        "start": 1773281779839
      },
      "skipped": false,
      "snapshot": {
        "added": 0,
        "fileDeleted": false,
        "matched": 0,
        "unchecked": 0,
        "uncheckedKeys": [],
        "unmatched": 0,
        "updated": 0
      },
      "testFilePath": "/Users/ramad/Works/Gti/person-services/person-service/Test/API_Tests/negative_tests/DELETE_persons_personId_attributes_attributeId_negative.test.js",
      "testResults": [
        {
          "ancestorTitles": [
            "NEGATIVE: DELETE /persons/:personId/attributes/:attributeId"
          ],
          "duration": 9,
          "failureDetails": [],
          "failureMessages": [],
          "fullName": "NEGATIVE: DELETE /persons/:personId/attributes/:attributeId Should reject request without API key",
          "invocations": 1,
          "location": null,
          "numPassingAsserts": 1,
          "retryReasons": [],
          "status": "passed",
          "title": "Should reject request without API key"
        },
        {
          "ancestorTitles": [
            "NEGATIVE: DELETE /persons/:personId/attributes/:attributeId"
          ],
          "duration": 2,
          "failureDetails": [],
          "failureMessages": [],
          "fullName": "NEGATIVE: DELETE /persons/:personId/attributes/:attributeId Should reject request with invalid API key",
          "invocations": 1,
          "location": null,
          "numPassingAsserts": 1,
          "retryReasons": [],
          "status": "passed",
          "title": "Should reject request with invalid API key"
        },
        {
          "ancestorTitles": [
            "NEGATIVE: DELETE /persons/:personId/attributes/:attributeId"
          ],
          "duration": 3,
          "failureDetails": [],
          "failureMessages": [],
          "fullName": "NEGATIVE: DELETE /persons/:personId/attributes/:attributeId Should return 404 for non-existent personId",
          "invocations": 1,
          "location": null,
          "numPassingAsserts": 1,
          "retryReasons": [],
          "status": "passed",
          "title": "Should return 404 for non-existent personId"
        },
        {
          "ancestorTitles": [
            "NEGATIVE: DELETE /persons/:personId/attributes/:attributeId"
          ],
          "duration": 3,
          "failureDetails": [],
          "failureMessages": [],
          "fullName": "NEGATIVE: DELETE /persons/:personId/attributes/:attributeId Should return 404 for non-existent attributeId",
          "invocations": 1,
          "location": null,
          "numPassingAsserts": 1,
          "retryReasons": [],
          "status": "passed",
          "title": "Should return 404 for non-existent attributeId"
        },
        {
          "ancestorTitles": [
            "NEGATIVE: DELETE /persons/:personId/attributes/:attributeId"
          ],
          "duration": 4,
          "failureDetails": [],
          "failureMessages": [],
          "fullName": "NEGATIVE: DELETE /persons/:personId/attributes/:attributeId Should handle DELETE of already deleted attribute (idempotent)",
          "invocations": 1,
          "location": null,
          "numPassingAsserts": 2,
          "retryReasons": [],
          "status": "passed",
          "title": "Should handle DELETE of already deleted attribute (idempotent)"
        },
        {
          "ancestorTitles": [
            "NEGATIVE: DELETE /persons/:personId/attributes/:attributeId"
          ],
          "duration": 1,
          "failureDetails": [],
          "failureMessages": [],
          "fullName": "NEGATIVE: DELETE /persons/:personId/attributes/:attributeId Should reject invalid UUID format for personId",
          "invocations": 1,
          "location": null,
          "numPassingAsserts": 1,
          "retryReasons": [],
          "status": "passed",
          "title": "Should reject invalid UUID format for personId"
        },
        {
          "ancestorTitles": [
            "NEGATIVE: DELETE /persons/:personId/attributes/:attributeId"
          ],
          "duration": 1,
          "failureDetails": [],
          "failureMessages": [],
          "fullName": "NEGATIVE: DELETE /persons/:personId/attributes/:attributeId Should reject invalid UUID format for attributeId",
          "invocations": 1,
          "location": null,
          "numPassingAsserts": 1,
          "retryReasons": [],
          "status": "passed",
          "title": "Should reject invalid UUID format for attributeId"
        },
        {
          "ancestorTitles": [
            "NEGATIVE: DELETE /persons/:personId/attributes/:attributeId"
          ],
          "duration": 3,
          "failureDetails": [],
          "failureMessages": [],
          "fullName": "NEGATIVE: DELETE /persons/:personId/attributes/:attributeId Should reject both IDs with invalid format",
          "invocations": 1,
          "location": null,
          "numPassingAsserts": 1,
          "retryReasons": [],
          "status": "passed",
          "title": "Should reject both IDs with invalid format"
        },
        {
          "ancestorTitles": [
            "NEGATIVE: DELETE /persons/:personId/attributes/:attributeId"
          ],
          "duration": 1,
          "failureDetails": [],
          "failureMessages": [],
          "fullName": "NEGATIVE: DELETE /persons/:personId/attributes/:attributeId Should reject empty personId",
          "invocations": 1,
          "location": null,
          "numPassingAsserts": 1,
          "retryReasons": [],
          "status": "passed",
          "title": "Should reject empty personId"
        },
        {
          "ancestorTitles": [
            "NEGATIVE: DELETE /persons/:personId/attributes/:attributeId"
          ],
          "duration": 1,
          "failureDetails": [],
          "failureMessages": [],
          "fullName": "NEGATIVE: DELETE /persons/:personId/attributes/:attributeId Should reject empty attributeId",
          "invocations": 1,
          "location": null,
          "numPassingAsserts": 1,
          "retryReasons": [],
          "status": "passed",
          "title": "Should reject empty attributeId"
        },
        {
          "ancestorTitles": [
            "NEGATIVE: DELETE /persons/:personId/attributes/:attributeId"
          ],
          "duration": 3,
          "failureDetails": [],
          "failureMessages": [],
          "fullName": "NEGATIVE: DELETE /persons/:personId/attributes/:attributeId Should ignore request body on DELETE",
          "invocations": 1,
          "location": null,
          "numPassingAsserts": 1,
          "retryReasons": [],
          "status": "passed",
          "title": "Should ignore request body on DELETE"
        },
        {
          "ancestorTitles": [
            "NEGATIVE: DELETE /persons/:personId/attributes/:attributeId"
          ],
          "duration": 1,
          "failureDetails": [],
          "failureMessages": [],
          "fullName": "NEGATIVE: DELETE /persons/:personId/attributes/:attributeId Should handle SQL injection in personId",
          "invocations": 1,
          "location": null,
          "numPassingAsserts": 1,
          "retryReasons": [],
          "status": "passed",
          "title": "Should handle SQL injection in personId"
        },
        {
          "ancestorTitles": [
            "NEGATIVE: DELETE /persons/:personId/attributes/:attributeId"
          ],
          "duration": 1,
          "failureDetails": [],
          "failureMessages": [],
          "fullName": "NEGATIVE: DELETE /persons/:personId/attributes/:attributeId Should handle SQL injection in attributeId",
          "invocations": 1,
          "location": null,
          "numPassingAsserts": 1,
          "retryReasons": [],
          "status": "passed",
          "title": "Should handle SQL injection in attributeId"
        },
        {
          "ancestorTitles": [
            "NEGATIVE: DELETE /persons/:personId/attributes/:attributeId"
          ],
          "duration": 1,
          "failureDetails": [],
          "failureMessages": [],
          "fullName": "NEGATIVE: DELETE /persons/:personId/attributes/:attributeId Should prevent path traversal",
          "invocations": 1,
          "location": null,
          "numPassingAsserts": 1,
          "retryReasons": [],
          "status": "passed",
          "title": "Should prevent path traversal"
        },
        {
          "ancestorTitles": [
            "NEGATIVE: DELETE /persons/:personId/attributes/:attributeId"
          ],
          "duration": 1,
          "failureDetails": [],
          "failureMessages": [],
          "fullName": "NEGATIVE: DELETE /persons/:personId/attributes/:attributeId Should handle XSS payload in IDs",
          "invocations": 1,
          "location": null,
          "numPassingAsserts": 1,
          "retryReasons": [],
          "status": "passed",
          "title": "Should handle XSS payload in IDs"
        },
        {
          "ancestorTitles": [
            "NEGATIVE: DELETE /persons/:personId/attributes/:attributeId"
          ],
          "duration": 1,
          "failureDetails": [],
          "failureMessages": [],
          "fullName": "NEGATIVE: DELETE /persons/:personId/attributes/:attributeId Should reject POST method on DELETE endpoint",
          "invocations": 1,
          "location": null,
          "numPassingAsserts": 1,
          "retryReasons": [],
          "status": "passed",
          "title": "Should reject POST method on DELETE endpoint"
        },
        {
          "ancestorTitles": [
            "NEGATIVE: DELETE /persons/:personId/attributes/:attributeId"
          ],
          "duration": 1,
          "failureDetails": [],
          "failureMessages": [],
          "fullName": "NEGATIVE: DELETE /persons/:personId/attributes/:attributeId Should reject PATCH method",
          "invocations": 1,
          "location": null,
          "numPassingAsserts": 1,
          "retryReasons": [],
          "status": "passed",
          "title": "Should reject PATCH method"
        },
        {
          "ancestorTitles": [
            "NEGATIVE: DELETE /persons/:personId/attributes/:attributeId"
          ],
          "duration": 5,
          "failureDetails": [],
          "failureMessages": [],
          "fullName": "NEGATIVE: DELETE /persons/:personId/attributes/:attributeId Should handle multiple concurrent DELETEs of same attribute",
          "invocations": 1,
          "location": null,
          "numPassingAsserts": 3,
          "retryReasons": [],
          "status": "passed",
          "title": "Should handle multiple concurrent DELETEs of same attribute"
        },
        {
          "ancestorTitles": [
            "NEGATIVE: DELETE /persons/:personId/attributes/:attributeId"
          ],
          "duration": 2,
          "failureDetails": [],
          "failureMessages": [],
          "fullName": "NEGATIVE: DELETE /persons/:personId/attributes/:attributeId Should ignore invalid Content-Type header on DELETE",
          "invocations": 1,
          "location": null,
          "numPassingAsserts": 1,
          "retryReasons": [],
          "status": "passed",
          "title": "Should ignore invalid Content-Type header on DELETE"
        }
      ],
      "failureMessage": null
    },
    {
      "leaks": false,
      "numFailingTests": 0,
      "numPassingTests": 6,
      "numPendingTests": 0,
      "numTodoTests": 0,
      "openHandles": [],
      "perfStats": {
        "end": 1773281780120,
        "runtime": 139,
        "slow": false,
        "start": 1773281779981
      },
      "skipped": false,
      "snapshot": {
        "added": 0,
        "fileDeleted": false,
        "matched": 0,
        "unchecked": 0,
        "uncheckedKeys": [],
        "unmatched": 0,
        "updated": 0
      },
      "testFilePath": "/Users/ramad/Works/Gti/person-services/person-service/Test/API_Tests/tests/GET_api_key-value_key.test.js",
      "testResults": [
        {
          "ancestorTitles": [
            "GET /api/key-value/:key - Retrieve Value"
          ],
          "duration": 13,
          "failureDetails": [],
          "failureMessages": [],
          "fullName": "GET /api/key-value/:key - Retrieve Value Get an existing key-value pair",
          "invocations": 1,
          "location": null,
          "numPassingAsserts": 5,
          "retryReasons": [],
          "status": "passed",
          "title": "Get an existing key-value pair"
        },
        {
          "ancestorTitles": [
            "GET /api/key-value/:key - Retrieve Value"
          ],
          "duration": 4,
          "failureDetails": [],
          "failureMessages": [],
          "fullName": "GET /api/key-value/:key - Retrieve Value Get non-existent key",
          "invocations": 1,
          "location": null,
          "numPassingAsserts": 2,
          "retryReasons": [],
          "status": "passed",
          "title": "Get non-existent key"
        },
        {
          "ancestorTitles": [
            "GET /api/key-value/:key - Retrieve Value"
          ],
          "duration": 7,
          "failureDetails": [],
          "failureMessages": [],
          "fullName": "GET /api/key-value/:key - Retrieve Value Get key with special characters",
          "invocations": 1,
          "location": null,
          "numPassingAsserts": 2,
          "retryReasons": [],
          "status": "passed",
          "title": "Get key with special characters"
        },
        {
          "ancestorTitles": [
            "GET /api/key-value/:key - Retrieve Value"
          ],
          "duration": 8,
          "failureDetails": [],
          "failureMessages": [],
          "fullName": "GET /api/key-value/:key - Retrieve Value Get key returns latest value after update",
          "invocations": 1,
          "location": null,
          "numPassingAsserts": 2,
          "retryReasons": [],
          "status": "passed",
          "title": "Get key returns latest value after update"
        },
        {
          "ancestorTitles": [
            "GET /api/key-value/:key - Retrieve Value"
          ],
          "duration": 7,
          "failureDetails": [],
          "failureMessages": [],
          "fullName": "GET /api/key-value/:key - Retrieve Value Get multiple different keys",
          "invocations": 1,
          "location": null,
          "numPassingAsserts": 3,
          "retryReasons": [],
          "status": "passed",
          "title": "Get multiple different keys"
        },
        {
          "ancestorTitles": [
            "GET /api/key-value/:key - Retrieve Value"
          ],
          "duration": 3,
          "failureDetails": [],
          "failureMessages": [],
          "fullName": "GET /api/key-value/:key - Retrieve Value Verify timestamps are valid",
          "invocations": 1,
          "location": null,
          "numPassingAsserts": 4,
          "retryReasons": [],
          "status": "passed",
          "title": "Verify timestamps are valid"
        }
      ],
      "failureMessage": null
    },
    {
      "leaks": false,
      "numFailingTests": 0,
      "numPassingTests": 6,
      "numPendingTests": 0,
      "numTodoTests": 0,
      "openHandles": [],
      "perfStats": {
        "end": 1773281780254,
        "runtime": 132,
        "slow": false,
        "start": 1773281780122
      },
      "skipped": false,
      "snapshot": {
        "added": 0,
        "fileDeleted": false,
        "matched": 0,
        "unchecked": 0,
        "uncheckedKeys": [],
        "unmatched": 0,
        "updated": 0
      },
      "testFilePath": "/Users/ramad/Works/Gti/person-services/person-service/Test/API_Tests/tests/DELETE_api_key-value_key.test.js",
      "testResults": [
        {
          "ancestorTitles": [
            "DELETE /api/key-value/:key - Delete Key-Value"
          ],
          "duration": 11,
          "failureDetails": [],
          "failureMessages": [],
          "fullName": "DELETE /api/key-value/:key - Delete Key-Value Delete an existing key-value pair",
          "invocations": 1,
          "location": null,
          "numPassingAsserts": 2,
          "retryReasons": [],
          "status": "passed",
          "title": "Delete an existing key-value pair"
        },
        {
          "ancestorTitles": [
            "DELETE /api/key-value/:key - Delete Key-Value"
          ],
          "duration": 11,
          "failureDetails": [],
          "failureMessages": [],
          "fullName": "DELETE /api/key-value/:key - Delete Key-Value Verify key is deleted from database",
          "invocations": 1,
          "location": null,
          "numPassingAsserts": 2,
          "retryReasons": [],
          "status": "passed",
          "title": "Verify key is deleted from database"
        },
        {
          "ancestorTitles": [
            "DELETE /api/key-value/:key - Delete Key-Value"
          ],
          "duration": 3,
          "failureDetails": [],
          "failureMessages": [],
          "fullName": "DELETE /api/key-value/:key - Delete Key-Value Delete non-existent key",
          "invocations": 1,
          "location": null,
          "numPassingAsserts": 1,
          "retryReasons": [],
          "status": "passed",
          "title": "Delete non-existent key"
        },
        {
          "ancestorTitles": [
            "DELETE /api/key-value/:key - Delete Key-Value"
          ],
          "duration": 8,
          "failureDetails": [],
          "failureMessages": [],
          "fullName": "DELETE /api/key-value/:key - Delete Key-Value Delete same key twice",
          "invocations": 1,
          "location": null,
          "numPassingAsserts": 2,
          "retryReasons": [],
          "status": "passed",
          "title": "Delete same key twice"
        },
        {
          "ancestorTitles": [
            "DELETE /api/key-value/:key - Delete Key-Value"
          ],
          "duration": 9,
          "failureDetails": [],
          "failureMessages": [],
          "fullName": "DELETE /api/key-value/:key - Delete Key-Value Delete multiple keys sequentially",
          "invocations": 1,
          "location": null,
          "numPassingAsserts": 4,
          "retryReasons": [],
          "status": "passed",
          "title": "Delete multiple keys sequentially"
        },
        {
          "ancestorTitles": [
            "DELETE /api/key-value/:key - Delete Key-Value"
          ],
          "duration": 9,
          "failureDetails": [],
          "failureMessages": [],
          "fullName": "DELETE /api/key-value/:key - Delete Key-Value CRUD lifecycle",
          "invocations": 1,
          "location": null,
          "numPassingAsserts": 7,
          "retryReasons": [],
          "status": "passed",
          "title": "CRUD lifecycle"
        }
      ],
      "failureMessage": null
    },
    {
      "leaks": false,
      "numFailingTests": 0,
      "numPassingTests": 4,
      "numPendingTests": 0,
      "numTodoTests": 0,
      "openHandles": [],
      "perfStats": {
        "end": 1773281780382,
        "runtime": 125,
        "slow": false,
        "start": 1773281780257
      },
      "skipped": false,
      "snapshot": {
        "added": 0,
        "fileDeleted": false,
        "matched": 0,
        "unchecked": 0,
        "uncheckedKeys": [],
[...]
          "retryReasons": [],
          "status": "passed",
          "title": "Should handle case sensitivity in key lookup"
        }
      ],
      "failureMessage": null
    },
    {
      "leaks": false,
      "numFailingTests": 0,
      "numPassingTests": 15,
      "numPendingTests": 0,
      "numTodoTests": 0,
      "openHandles": [],
      "perfStats": {
        "end": 1773281781591,
        "runtime": 107,
        "slow": false,
        "start": 1773281781484
      },
      "skipped": false,
      "snapshot": {
        "added": 0,
        "fileDeleted": false,
        "matched": 0,
        "unchecked": 0,
        "uncheckedKeys": [],
        "unmatched": 0,
        "updated": 0
      },
      "testFilePath": "/Users/ramad/Works/Gti/person-services/person-service/Test/API_Tests/negative_tests/DELETE_api_key-value_key_negative.test.js",
      "testResults": [
        {
          "ancestorTitles": [
            "NEGATIVE: DELETE /api/key-value/:key - Delete Key-Value"
          ],
          "duration": 9,
          "failureDetails": [],
          "failureMessages": [],
          "fullName": "NEGATIVE: DELETE /api/key-value/:key - Delete Key-Value Should handle DELETE of non-existent key",
          "invocations": 1,
          "location": null,
          "numPassingAsserts": 1,
          "retryReasons": [],
          "status": "passed",
          "title": "Should handle DELETE of non-existent key"
        },
        {
          "ancestorTitles": [
            "NEGATIVE: DELETE /api/key-value/:key - Delete Key-Value"
          ],
          "duration": 5,
          "failureDetails": [],
          "failureMessages": [],
          "fullName": "NEGATIVE: DELETE /api/key-value/:key - Delete Key-Value Should handle DELETE of already deleted key",
          "invocations": 1,
          "location": null,
          "numPassingAsserts": 2,
          "retryReasons": [],
          "status": "passed",
          "title": "Should handle DELETE of already deleted key"
        },
        {
          "ancestorTitles": [
            "NEGATIVE: DELETE /api/key-value/:key - Delete Key-Value"
          ],
          "duration": 2,
          "failureDetails": [],
          "failureMessages": [],
          "fullName": "NEGATIVE: DELETE /api/key-value/:key - Delete Key-Value Should reject DELETE with empty key",
          "invocations": 1,
          "location": null,
          "numPassingAsserts": 1,
          "retryReasons": [],
          "status": "passed",
          "title": "Should reject DELETE with empty key"
        },
        {
          "ancestorTitles": [
            "NEGATIVE: DELETE /api/key-value/:key - Delete Key-Value"
          ],
          "duration": 2,
          "failureDetails": [],
          "failureMessages": [],
          "fullName": "NEGATIVE: DELETE /api/key-value/:key - Delete Key-Value Should reject DELETE with whitespace-only key",
          "invocations": 1,
          "location": null,
          "numPassingAsserts": 1,
          "retryReasons": [],
          "status": "passed",
          "title": "Should reject DELETE with whitespace-only key"
        },
        {
          "ancestorTitles": [
            "NEGATIVE: DELETE /api/key-value/:key - Delete Key-Value"
          ],
          "duration": 2,
          "failureDetails": [],
          "failureMessages": [],
          "fullName": "NEGATIVE: DELETE /api/key-value/:key - Delete Key-Value Should reject GET on DELETE endpoint",
          "invocations": 1,
          "location": null,
          "numPassingAsserts": 1,
          "retryReasons": [],
          "status": "passed",
          "title": "Should reject GET on DELETE endpoint"
        },
        {
          "ancestorTitles": [
            "NEGATIVE: DELETE /api/key-value/:key - Delete Key-Value"
          ],
          "duration": 1,
          "failureDetails": [],
          "failureMessages": [],
          "fullName": "NEGATIVE: DELETE /api/key-value/:key - Delete Key-Value Should reject PATCH method",
          "invocations": 1,
          "location": null,
          "numPassingAsserts": 1,
          "retryReasons": [],
          "status": "passed",
          "title": "Should reject PATCH method"
        },
        {
          "ancestorTitles": [
            "NEGATIVE: DELETE /api/key-value/:key - Delete Key-Value"
          ],
          "duration": 2,
          "failureDetails": [],
          "failureMessages": [],
          "fullName": "NEGATIVE: DELETE /api/key-value/:key - Delete Key-Value Should ignore request body on DELETE",
          "invocations": 1,
          "location": null,
          "numPassingAsserts": 1,
          "retryReasons": [],
          "status": "passed",
          "title": "Should ignore request body on DELETE"
        },
        {
          "ancestorTitles": [
            "NEGATIVE: DELETE /api/key-value/:key - Delete Key-Value"
          ],
          "duration": 3,
          "failureDetails": [],
          "failureMessages": [],
          "fullName": "NEGATIVE: DELETE /api/key-value/:key - Delete Key-Value Should handle DELETE with SQL injection pattern in key",
          "invocations": 1,
          "location": null,
          "numPassingAsserts": 1,
          "retryReasons": [],
          "status": "passed",
          "title": "Should handle DELETE with SQL injection pattern in key"
        },
        {
          "ancestorTitles": [
            "NEGATIVE: DELETE /api/key-value/:key - Delete Key-Value"
          ],
          "duration": 1,
          "failureDetails": [],
          "failureMessages": [],
          "fullName": "NEGATIVE: DELETE /api/key-value/:key - Delete Key-Value Should handle DELETE with path traversal attempt",
          "invocations": 1,
          "location": null,
          "numPassingAsserts": 1,
          "retryReasons": [],
          "status": "passed",
          "title": "Should handle DELETE with path traversal attempt"
        },
        {
          "ancestorTitles": [
            "NEGATIVE: DELETE /api/key-value/:key - Delete Key-Value"
          ],
          "duration": 2,
          "failureDetails": [],
          "failureMessages": [],
          "fullName": "NEGATIVE: DELETE /api/key-value/:key - Delete Key-Value Should handle DELETE with XSS payload in key",
          "invocations": 1,
          "location": null,
          "numPassingAsserts": 1,
          "retryReasons": [],
          "status": "passed",
          "title": "Should handle DELETE with XSS payload in key"
        },
        {
          "ancestorTitles": [
            "NEGATIVE: DELETE /api/key-value/:key - Delete Key-Value"
          ],
          "duration": 4,
          "failureDetails": [],
          "failureMessages": [],
          "fullName": "NEGATIVE: DELETE /api/key-value/:key - Delete Key-Value Should handle multiple concurrent DELETEs of same key",
          "invocations": 1,
          "location": null,
          "numPassingAsserts": 0,
          "retryReasons": [],
          "status": "passed",
          "title": "Should handle multiple concurrent DELETEs of same key"
        },
        {
          "ancestorTitles": [
            "NEGATIVE: DELETE /api/key-value/:key - Delete Key-Value"
          ],
          "duration": 2,
          "failureDetails": [],
          "failureMessages": [],
          "fullName": "NEGATIVE: DELETE /api/key-value/:key - Delete Key-Value Should ignore invalid Content-Type header on DELETE",
          "invocations": 1,
          "location": null,
          "numPassingAsserts": 1,
          "retryReasons": [],
          "status": "passed",
          "title": "Should ignore invalid Content-Type header on DELETE"
        },
        {
          "ancestorTitles": [
            "NEGATIVE: DELETE /api/key-value/:key - Delete Key-Value"
          ],
          "duration": 1,
          "failureDetails": [],
          "failureMessages": [],
          "fullName": "NEGATIVE: DELETE /api/key-value/:key - Delete Key-Value Should handle DELETE without Accept header",
          "invocations": 1,
          "location": null,
          "numPassingAsserts": 1,
          "retryReasons": [],
          "status": "passed",
          "title": "Should handle DELETE without Accept header"
        },
        {
          "ancestorTitles": [
            "NEGATIVE: DELETE /api/key-value/:key - Delete Key-Value"
          ],
          "duration": 1,
          "failureDetails": [],
          "failureMessages": [],
          "fullName": "NEGATIVE: DELETE /api/key-value/:key - Delete Key-Value Should handle URL-encoded key in DELETE",
          "invocations": 1,
          "location": null,
          "numPassingAsserts": 1,
          "retryReasons": [],
          "status": "passed",
          "title": "Should handle URL-encoded key in DELETE"
        },
        {
          "ancestorTitles": [
            "NEGATIVE: DELETE /api/key-value/:key - Delete Key-Value"
          ],
          "duration": 1,
          "failureDetails": [],
          "failureMessages": [],
          "fullName": "NEGATIVE: DELETE /api/key-value/:key - Delete Key-Value Should handle special URL characters",
          "invocations": 1,
          "location": null,
          "numPassingAsserts": 1,
          "retryReasons": [],
          "status": "passed",
          "title": "Should handle special URL characters"
        }
      ],
      "failureMessage": null
    },
    {
      "leaks": false,
      "numFailingTests": 0,
      "numPassingTests": 6,
      "numPendingTests": 0,
      "numTodoTests": 0,
      "openHandles": [],
      "perfStats": {
        "end": 1773281781688,
        "runtime": 94,
        "slow": false,
        "start": 1773281781594
      },
      "skipped": false,
      "snapshot": {
        "added": 0,
        "fileDeleted": false,
        "matched": 0,
        "unchecked": 0,
        "uncheckedKeys": [],
        "unmatched": 0,
        "updated": 0
      },
      "testFilePath": "/Users/ramad/Works/Gti/person-services/person-service/Test/API_Tests/tests/GET_health.test.js",
      "testResults": [
        {
          "ancestorTitles": [
            "GET /health - Health Check API"
          ],
          "duration": 8,
          "failureDetails": [],
          "failureMessages": [],
          "fullName": "GET /health - Health Check API Health endpoint returns 200 OK",
          "invocations": 1,
          "location": null,
          "numPassingAsserts": 2,
          "retryReasons": [],
          "status": "passed",
          "title": "Health endpoint returns 200 OK"
        },
        {
          "ancestorTitles": [
            "GET /health - Health Check API"
          ],
          "duration": 3,
          "failureDetails": [],
          "failureMessages": [],
          "fullName": "GET /health - Health Check API Health response contains status field",
          "invocations": 1,
          "location": null,
          "numPassingAsserts": 2,
          "retryReasons": [],
          "status": "passed",
          "title": "Health response contains status field"
        },
        {
          "ancestorTitles": [
            "GET /health - Health Check API"
          ],
          "duration": 2,
          "failureDetails": [],
          "failureMessages": [],
          "fullName": "GET /health - Health Check API Health response is valid JSON",
          "invocations": 1,
          "location": null,
          "numPassingAsserts": 2,
          "retryReasons": [],
          "status": "passed",
          "title": "Health response is valid JSON"
        },
        {
          "ancestorTitles": [
            "GET /health - Health Check API"
          ],
          "duration": 2,
          "failureDetails": [],
          "failureMessages": [],
          "fullName": "GET /health - Health Check API Health check responds within acceptable time",
          "invocations": 1,
          "location": null,
          "numPassingAsserts": 2,
          "retryReasons": [],
          "status": "passed",
          "title": "Health check responds within acceptable time"
        },
        {
          "ancestorTitles": [
            "GET /health - Health Check API"
          ],
          "duration": 6,
          "failureDetails": [],
          "failureMessages": [],
          "fullName": "GET /health - Health Check API Multiple health checks are consistent",
          "invocations": 1,
          "location": null,
          "numPassingAsserts": 10,
          "retryReasons": [],
          "status": "passed",
          "title": "Multiple health checks are consistent"
        },
        {
          "ancestorTitles": [
            "GET /health - Health Check API"
          ],
          "duration": 1,
          "failureDetails": [],
          "failureMessages": [],
          "fullName": "GET /health - Health Check API Health check does not timeout",
          "invocations": 1,
          "location": null,
          "numPassingAsserts": 1,
          "retryReasons": [],
          "status": "passed",
          "title": "Health check does not timeout"
        }
      ],
      "failureMessage": null
    },
    {
      "leaks": false,
      "numFailingTests": 0,
      "numPassingTests": 1,
      "numPendingTests": 0,
      "numTodoTests": 0,
      "openHandles": [],
      "perfStats": {
        "end": 1773281781779,
        "runtime": 89,
        "slow": false,
        "start": 1773281781690
      },
      "skipped": false,
      "snapshot": {
        "added": 0,
        "fileDeleted": false,
        "matched": 0,
        "unchecked": 0,
        "uncheckedKeys": [],
        "unmatched": 0,
        "updated": 0
      },
      "testFilePath": "/Users/ramad/Works/Gti/person-services/person-service/Test/steps/simple_api_test.steps.js",
      "testResults": [
        {
          "ancestorTitles": [
            "Person Service API - Simple Test"
          ],
          "duration": 10,
          "failureDetails": [],
          "failureMessages": [],
          "fullName": "Person Service API - Simple Test Health check endpoint returns 200",
          "invocations": 1,
          "location": null,
          "numPassingAsserts": 3,
          "retryReasons": [],
          "status": "passed",
          "title": "Health check endpoint returns 200"
        }
      ],
      "failureMessage": null
    },
    {
      "leaks": false,
      "numFailingTests": 0,
      "numPassingTests": 5,
      "numPendingTests": 0,
      "numTodoTests": 0,
      "openHandles": [],
      "perfStats": {
        "end": 1773281781869,
        "runtime": 87,
        "slow": false,
        "start": 1773281781782
      },
      "skipped": false,
      "snapshot": {
        "added": 0,
        "fileDeleted": false,
        "matched": 0,
        "unchecked": 0,
        "uncheckedKeys": [],
        "unmatched": 0,
        "updated": 0
      },
      "testFilePath": "/Users/ramad/Works/Gti/person-services/person-service/Test/API_Tests/negative_tests/GET_health_negative.test.js",
      "testResults": [
        {
          "ancestorTitles": [
            "NEGATIVE: GET /health - Health Check Endpoint"
          ],
          "duration": 7,
          "failureDetails": [],
          "failureMessages": [],
          "fullName": "NEGATIVE: GET /health - Health Check Endpoint Should handle invalid HTTP method (POST instead of GET)",
          "invocations": 1,
          "location": null,
          "numPassingAsserts": 1,
          "retryReasons": [],
          "status": "passed",
          "title": "Should handle invalid HTTP method (POST instead of GET)"
        },
        {
          "ancestorTitles": [
            "NEGATIVE: GET /health - Health Check Endpoint"
          ],
          "duration": 2,
          "failureDetails": [],
          "failureMessages": [],
          "fullName": "NEGATIVE: GET /health - Health Check Endpoint Should handle invalid path (/healths instead of /health)",
          "invocations": 1,
          "location": null,
          "numPassingAsserts": 1,
          "retryReasons": [],
          "status": "passed",
          "title": "Should handle invalid path (/healths instead of /health)"
        },
        {
          "ancestorTitles": [
            "NEGATIVE: GET /health - Health Check Endpoint"
          ],
          "duration": 2,
          "failureDetails": [],
          "failureMessages": [],
          "fullName": "NEGATIVE: GET /health - Health Check Endpoint Should handle path with query parameters",
          "invocations": 1,
          "location": null,
          "numPassingAsserts": 1,
          "retryReasons": [],
          "status": "passed",
          "title": "Should handle path with query parameters"
        },
        {
          "ancestorTitles": [
            "NEGATIVE: GET /health - Health Check Endpoint"
          ],
          "duration": 2,
          "failureDetails": [],
          "failureMessages": [],
          "fullName": "NEGATIVE: GET /health - Health Check Endpoint Should handle excessive request timeout",
          "invocations": 1,
          "location": null,
          "numPassingAsserts": 1,
          "retryReasons": [],
          "status": "passed",
          "title": "Should handle excessive request timeout"
        },
        {
          "ancestorTitles": [
            "NEGATIVE: GET /health - Health Check Endpoint"
          ],
          "duration": 2,
          "failureDetails": [],
          "failureMessages": [],
          "fullName": "NEGATIVE: GET /health - Health Check Endpoint Should handle malformed Accept header",
          "invocations": 1,
          "location": null,
          "numPassingAsserts": 1,
          "retryReasons": [],
          "status": "passed",
          "title": "Should handle malformed Accept header"
        }
      ],
      "failureMessage": null
    },
    {
      "leaks": false,
      "numFailingTests": 0,
      "numPassingTests": 3,
      "numPendingTests": 0,
      "numTodoTests": 0,
      "openHandles": [],
      "perfStats": {
        "end": 1773281781954,
        "runtime": 82,
        "slow": false,
        "start": 1773281781872
      },
      "skipped": false,
      "snapshot": {
        "added": 0,
        "fileDeleted": false,
        "matched": 0,
        "unchecked": 0,
        "uncheckedKeys": [],
        "unmatched": 0,
        "updated": 0
      },
      "testFilePath": "/Users/ramad/Works/Gti/person-services/person-service/Test/API_Tests/tests/GET_version.test.js",
      "testResults": [
        {
          "ancestorTitles": [
            "GET /version - Service Version"
          ],
          "duration": 7,
          "failureDetails": [],
          "failureMessages": [],
          "fullName": "GET /version - Service Version Version endpoint returns 200 with version field",
          "invocations": 1,
          "location": null,
          "numPassingAsserts": 2,
          "retryReasons": [],
          "status": "passed",
          "title": "Version endpoint returns 200 with version field"
        },
        {
          "ancestorTitles": [
            "GET /version - Service Version"
          ],
          "duration": 2,
          "failureDetails": [],
          "failureMessages": [],
          "fullName": "GET /version - Service Version Version matches the VERSION file",
          "invocations": 1,
          "location": null,
          "numPassingAsserts": 1,
          "retryReasons": [],
          "status": "passed",
          "title": "Version matches the VERSION file"
        },
        {
          "ancestorTitles": [
            "GET /version - Service Version"
          ],
          "duration": 1,
          "failureDetails": [],
          "failureMessages": [],
          "fullName": "GET /version - Service Version Version follows v<major>.<minor>.<patch> format",
          "invocations": 1,
          "location": null,
          "numPassingAsserts": 1,
          "retryReasons": [],
          "status": "passed",
          "title": "Version follows v<major>.<minor>.<patch> format"
        }
      ],
      "failureMessage": null
    }
  ],
  "wasInterrupted": false
}